Running test query: SELECT count(*) FROM crime_data
Result: 1,000,000 rows
Query ID: 20260129_194804_00271_bxhed

==================================================
Method 1: REST API
==================================================
  State: FINISHED
  CPU Time: 1.00ms
  Memory: 172B
  Elapsed: 107.94ms
Traceback (most recent call last):
  File "C:\Users\citru\Desktop\RPR\trino\test_methods.py", line 37, in <module>
    print("  \u2713 REST API WORKS!")
  File "C:\Users\citru\AppData\Local\Programs\Python\Python311\Lib\encodings\cp1251.py", line 19, in encode
    return codecs.charmap_encode(input,self.errors,encoding_table)[0]
           ^^^^^^^^^^^^^^^^^^^^^^^^^^^^^^^^^^^^^^^^^^^^^^^^^^^^^^^
UnicodeEncodeError: 'charmap' codec can't encode character '\u2713' in position 2: character maps to <undefined>

During handling of the above exception, another exception occurred:

Traceback (most recent call last):
  File "C:\Users\citru\Desktop\RPR\trino\test_methods.py", line 43, in <module>
    print(f"  \u2717 Failed: {e}")
  File "C:\Users\citru\AppData\Local\Programs\Python\Python311\Lib\encodings\cp1251.py", line 19, in encode
    return codecs.charmap_encode(input,self.errors,encoding_table)[0]
           ^^^^^^^^^^^^^^^^^^^^^^^^^^^^^^^^^^^^^^^^^^^^^^^^^^^^^^^
UnicodeEncodeError: 'charmap' codec can't encode character '\u2717' in position 2: character maps to <undefined>
